<?xml version="1.0" encoding="UTF-8"?>
<!-- Generated by org.testng.reporters.JUnitXMLReporter -->
<testsuite ignored="9" hostname="DESKTOP-68KUQKT" failures="4" tests="4" name="Regression(failed)" time="0.066" errors="0" timestamp="2024-09-30T19:38:55 IST">
  <testcase classname="seleniumGrid.AssertDemo" name="test2" time="0.014">
    <failure type="java.lang.AssertionError" message="count mismatch expected [902] but found [901]">
      <![CDATA[java.lang.AssertionError: count mismatch expected [902] but found [901]
at seleniumGrid.AssertDemo.test2(AssertDemo.java:15)
at java.base/java.util.ArrayList.forEach(ArrayList.java:1511)
... Removed 33 stack frames]]>
    </failure>
  </testcase> <!-- test2 -->
  <testcase classname="seleniumGrid.PartialText_TestNG" name="test2" time="0.001">
    <failure type="java.lang.AssertionError" message="The msg if test fails expected [true] but found [false]">
      <![CDATA[java.lang.AssertionError: The msg if test fails expected [true] but found [false]
at seleniumGrid.PartialText_TestNG.test2(PartialText_TestNG.java:19)
at java.base/java.util.ArrayList.forEach(ArrayList.java:1511)
... Removed 30 stack frames]]>
    </failure>
  </testcase> <!-- test2 -->
  <testcase classname="seleniumGrid.SeleniumWithTestNG" name="login" time="0.006">
    <failure type="java.lang.NullPointerException" message="Cannot invoke &amp;quot;org.openqa.selenium.WebDriver.findElement(org.openqa.selenium.By)&amp;quot; because &amp;quot;this.driver&amp;quot; is null">
      <![CDATA[java.lang.NullPointerException: Cannot invoke "org.openqa.selenium.WebDriver.findElement(org.openqa.selenium.By)" because "this.driver" is null
at seleniumGrid.SeleniumWithTestNG.login(SeleniumWithTestNG.java:47)
at java.base/java.util.ArrayList.forEach(ArrayList.java:1511)
... Removed 27 stack frames]]>
    </failure>
  </testcase> <!-- login -->
  <testcase classname="seleniumGrid.SeleniumWithTestNG" name="signOut" time="0.001">
    <failure type="java.lang.NullPointerException" message="Cannot invoke &amp;quot;org.openqa.selenium.WebDriver.findElement(org.openqa.selenium.By)&amp;quot; because &amp;quot;this.driver&amp;quot; is null">
      <![CDATA[java.lang.NullPointerException: Cannot invoke "org.openqa.selenium.WebDriver.findElement(org.openqa.selenium.By)" because "this.driver" is null
at seleniumGrid.SeleniumWithTestNG.signOut(SeleniumWithTestNG.java:59)
at java.base/java.util.ArrayList.forEach(ArrayList.java:1511)
... Removed 27 stack frames]]>
    </failure>
  </testcase> <!-- signOut -->
  <testcase classname="seleniumGrid.SeleniumWithTestNG" name="startBrowser" time="0.0">
    <ignored/>
  </testcase> <!-- startBrowser -->
  <testcase classname="seleniumGrid.AssertDemo" name="test3" time="0.0">
    <ignored/>
  </testcase> <!-- test3 -->
  <testcase classname="seleniumGrid.AssertDemo" name="test4" time="0.0">
    <ignored/>
  </testcase> <!-- test4 -->
  <testcase classname="seleniumGrid.SeleniumWithTestNG" name="verifyURL" time="0.0">
    <ignored/>
  </testcase> <!-- verifyURL -->
  <testcase classname="seleniumGrid.SeleniumWithTestNG" name="verifyTitle" time="0.0">
    <ignored/>
  </testcase> <!-- verifyTitle -->
  <testcase classname="seleniumGrid.PartialText_TestNG" name="test1" time="0.0">
    <ignored/>
  </testcase> <!-- test1 -->
  <testcase classname="seleniumGrid.AssertDemo" name="test1" time="0.0">
    <ignored/>
  </testcase> <!-- test1 -->
  <testcase classname="seleniumGrid.SeleniumWithTestNG" name="closeBrowser" time="0.0">
    <ignored/>
  </testcase> <!-- closeBrowser -->
  <testcase classname="seleniumGrid.SeleniumWithTestNG" name="footerCount" time="0.0">
    <ignored/>
  </testcase> <!-- footerCount -->
</testsuite> <!-- Regression(failed) -->
