<?xml version="1.0" encoding="UTF-8"?>
<!-- Generated by org.testng.reporters.JUnitXMLReporter -->
<testsuite ignored="0" hostname="DESKTOP-68KUQKT" failures="1" tests="2" name="Regression8" time="0.003" errors="0" timestamp="2024-09-30T20:27:41 IST">
  <testcase classname="seleniumGrid.PartialText_TestNG" name="test1" time="0.001"/>
  <testcase classname="seleniumGrid.PartialText_TestNG" name="test2" time="0.001">
    <failure type="java.lang.AssertionError" message="The msg if test fails expected [true] but found [false]">
      <![CDATA[java.lang.AssertionError: The msg if test fails expected [true] but found [false]
at seleniumGrid.PartialText_TestNG.test2(PartialText_TestNG.java:19)
at java.base/java.util.ArrayList.forEach(ArrayList.java:1511)
... Removed 30 stack frames]]>
    </failure>
  </testcase> <!-- test2 -->
</testsuite> <!-- Regression8 -->
